 TOUCANS
 TERMINATORS
 TEAL TITANS
 SWEETHEARTS
 SUGER BEES
 STINGRAYS
 STAR SHOOTERS
 SPEEDY TURTLES
 SPACE BABES
 SILVER BUTTERFLIES
 SCORPIONS
 MIND TRIP
 MIDNIGHT RAIDERS
 MEAN GREEN ALIENS
 MANARCHS
 FUGITIVES
 FLAMING TIGERS
 FIRE STRIKERS
 FIGHTING IRISH 
 AVALANCHE
 ANTEATERS
 AMERICAN BABES
 0% ANGELS 
 Winner
 Elixir Junior
 Legalize
 Savage
 The Skyrynners
 Shooting Stars
 The Abusement Park
 Chafing the Dream
 The Big Egos
 TOUCANS                  --               TERMINATORS
 TEAL TITANS              --               SWEETHEARTS
 SUGER BEES               --                 STINGRAYS
 STAR SHOOTERS            --            SPEEDY TURTLES
 SPACE BABES              --        SILVER BUTTERFLIES
 SCORPIONS                --                 MIND TRIP
 MIDNIGHT RAIDERS         --         MEAN GREEN ALIENS
 MANARCHS                 --                 FUGITIVES
 FLAMING TIGERS           --             FIRE STRIKERS
 FIGHTING IRISH           --                 AVALANCHE
 ANTEATERS                --            AMERICAN BABES
 0% ANGELS                --                    Winner
 Elixir Junior            --                  Legalize
 Savage                   --            The Skyrynners
 Shooting Stars           --        The Abusement Park
 Chafing the Dream        --              The Big Egos
 Chafing the Dream        --- 6.60
 The Abusement Park       --- 8.30
 The Skyrynners           --- 6.40
 Elixir Junior            --- 6.50
 Winner                   --- 8.20
 AMERICAN BABES           --- 7.40
 FIGHTING IRISH           --- 7.80
 FLAMING TIGERS           --- 6.20
 FUGITIVES                --- 7.00
 MEAN GREEN ALIENS        --- 6.60
 MIND TRIP                --- 6.90
 SILVER BUTTERFLIES       --- 7.00
 SPEEDY TURTLES           --- 7.90
 STINGRAYS                --- 7.10
 TEAL TITANS              --- 7.80
 TERMINATORS              --- 8.30
 Chafing the Dream        --        The Abusement Park
 The Skyrynners           --             Elixir Junior
 Winner                   --            AMERICAN BABES
 FIGHTING IRISH           --            FLAMING TIGERS
 FUGITIVES                --         MEAN GREEN ALIENS
 MIND TRIP                --        SILVER BUTTERFLIES
 SPEEDY TURTLES           --                 STINGRAYS
 TEAL TITANS              --               TERMINATORS
 TERMINATORS              --- 9.30
 SPEEDY TURTLES           --- 8.90
 SILVER BUTTERFLIES       --- 8.00
 FUGITIVES                --- 8.00
 FIGHTING IRISH           --- 8.80
 Winner                   --- 9.20
 Elixir Junior            --- 7.50
 The Abusement Park       --- 9.30
 TERMINATORS              --            SPEEDY TURTLES
 SILVER BUTTERFLIES       --                 FUGITIVES
 FIGHTING IRISH           --                    Winner
 Elixir Junior            --        The Abusement Park
 The Abusement Park       --- 10.30
 Winner                   --- 10.20
 SILVER BUTTERFLIES       --- 9.00
 TERMINATORS              --- 10.30
 The Abusement Park       --                    Winner
 SILVER BUTTERFLIES       --               TERMINATORS
 TERMINATORS              --- 11.30
 The Abusement Park       --- 11.30
 TERMINATORS              --        The Abusement Park
 TERMINATORS              --- 12.30
 TERMINATORS         -- 12.30
 The Abusement Park  -- 11.30
 Winner              -- 10.20
 SILVER BUTTERFLIES  -- 9.00
 SPEEDY TURTLES      -- 8.90
 FIGHTING IRISH      -- 8.80
 FUGITIVES           -- 8.00
 Elixir Junior       -- 7.50
