 TYPHOONS
 TOUCANS
 TIGERS
 TEAM USA
 TANGERINES
 SUPER SONIC SOCCERS
 SUGER BEES
 STING RAYS
 SPRINTERS
 SPARKS
 SNOW DEVILS
 SILVER SHARKS
 SHOCKWAVE
 SCREAMING EAGLES
 MILLENNIUM JUMPERS
 MIGHTY GRASSHOPPERS
 MANTIS
 FUGITIVES
 FIRE CRACKER
 FIRE ANGELS
 AWESOME BLOSSOMS
 ANTEATERS
 ALMOST ANGELS
 Cei 4 fantastici
 Monster
 Pic si Poc
 Savage
 4Team
 Ferocious Killers
 Gangs of New Pork
 Fargo Woodchippers
 The Waiver Wire
 TYPHOONS                 --                   TOUCANS
 TIGERS                   --                  TEAM USA
 TANGERINES               --       SUPER SONIC SOCCERS
 SUGER BEES               --                STING RAYS
 SPRINTERS                --                    SPARKS
 SNOW DEVILS              --             SILVER SHARKS
 SHOCKWAVE                --          SCREAMING EAGLES
 MILLENNIUM JUMPERS       --       MIGHTY GRASSHOPPERS
 MANTIS                   --                 FUGITIVES
 FIRE CRACKER             --               FIRE ANGELS
 AWESOME BLOSSOMS         --                 ANTEATERS
 ALMOST ANGELS            --          Cei 4 fantastici
 Monster                  --                Pic si Poc
 Savage                   --                     4Team
 Ferocious Killers        --         Gangs of New Pork
 Fargo Woodchippers       --           The Waiver Wire
 Fargo Woodchippers       --- 6.25
 Gangs of New Pork        --- 7.58
 4Team                    --- 6.58
 Monster                  --- 7.50
 ALMOST ANGELS            --- 7.58
 AWESOME BLOSSOMS         --- 6.92
 FIRE ANGELS              --- 7.00
 MANTIS                   --- 6.92
 MILLENNIUM JUMPERS       --- 6.42
 SCREAMING EAGLES         --- 6.42
 SILVER SHARKS            --- 5.83
 SPRINTERS                --- 7.92
 SUGER BEES               --- 6.42
 TANGERINES               --- 7.42
 TEAM USA                 --- 7.83
 TYPHOONS                 --- 6.50
 Fargo Woodchippers       --         Gangs of New Pork
 4Team                    --                   Monster
 ALMOST ANGELS            --          AWESOME BLOSSOMS
 FIRE ANGELS              --                    MANTIS
 MILLENNIUM JUMPERS       --          SCREAMING EAGLES
 SILVER SHARKS            --                 SPRINTERS
 SUGER BEES               --                TANGERINES
 TEAM USA                 --                  TYPHOONS
 TEAM USA                 --- 8.83
 TANGERINES               --- 8.42
 SPRINTERS                --- 8.92
 MILLENNIUM JUMPERS       --- 7.42
 FIRE ANGELS              --- 8.00
 ALMOST ANGELS            --- 8.58
 Monster                  --- 8.50
 Gangs of New Pork        --- 8.58
 TEAM USA                 --                TANGERINES
 SPRINTERS                --        MILLENNIUM JUMPERS
 FIRE ANGELS              --             ALMOST ANGELS
 Monster                  --         Gangs of New Pork
 Gangs of New Pork        --- 9.58
 ALMOST ANGELS            --- 9.58
 SPRINTERS                --- 9.92
 TEAM USA                 --- 9.83
 Gangs of New Pork        --             ALMOST ANGELS
 SPRINTERS                --                  TEAM USA
 SPRINTERS                --- 10.92
 Gangs of New Pork        --- 10.58
 SPRINTERS                --         Gangs of New Pork
 SPRINTERS                --- 11.92
 SPRINTERS           -- 11.92
 Gangs of New Pork   -- 10.58
 TEAM USA            -- 9.83
 ALMOST ANGELS       -- 9.58
 Monster             -- 8.50
 TANGERINES          -- 8.42
 FIRE ANGELS         -- 8.00
 MILLENNIUM JUMPERS  -- 7.42
