 VALLEY GIRLS
 UN MELLOW YELLOW
 TUFF-E-NUFF
 TIMBERWOLVES
 TIDAL WAVES
 TERMINATORS
 TEAM ROCKETS
 TEAL TITANS
 TARANTULAS
 SWEETHEARTS
 SUNFLOWER GIRLS
 SUGER BEES
 STRIKERS
 STINGRAYS
 STAR SHOOTERS
 SPLASH
 SPEEDY TURTLES
 SPARK PLUGS
 SPACE BABES
 SNOW DEVILS
 SMASHING PUMPKINS
 SILVER PANTHERS
 SILVER BUTTERFLIES
 SECURITY SMURFS
 MONEY
 MIND TRIP
 MIGHTY DUCKS
 MEAN GREEN ALIENS
 MAROON MADNESS
 MANARCHS
 MAD DOGS
 FUGITIVES
 FLYING DRAGONS
 FLASH
 FLAMING TIGERS
 FIRE STRIKERS
 FIRE ANTS
 FIGHTING IRISH 
 FALCONS
 AVALANCHE
 ASH KICKERS
 ANTEATERS
 ANACONDAS
 AMERICAN BABES
 ALIGATORS 
 0% ANGELS 
 Cei 3 muschetari
 Winner
 Mistretii Atomici
 Elixir Junior
 Black swans
 Legalize
 Pufuletii
 Konfetti
 The Skyrynners
 MO si F.O.C.A
 Shooting Stars
 Defending Champs
 The Abusement Park
 Chunky Monkees
 Chafing the Dream
 Ibuprofen and Ben Gay
 The Big Egos
 The Waiver Wire
 VALLEY GIRLS             --          UN MELLOW YELLOW
 TUFF-E-NUFF              --              TIMBERWOLVES
 TIDAL WAVES              --               TERMINATORS
 TEAM ROCKETS             --               TEAL TITANS
 TARANTULAS               --               SWEETHEARTS
 SUNFLOWER GIRLS          --                SUGER BEES
 STRIKERS                 --                 STINGRAYS
 STAR SHOOTERS            --                    SPLASH
 SPEEDY TURTLES           --               SPARK PLUGS
 SPACE BABES              --               SNOW DEVILS
 SMASHING PUMPKINS        --           SILVER PANTHERS
 SILVER BUTTERFLIES       --           SECURITY SMURFS
 MONEY                    --                 MIND TRIP
 MIGHTY DUCKS             --         MEAN GREEN ALIENS
 MAROON MADNESS           --                  MANARCHS
 MAD DOGS                 --                 FUGITIVES
 FLYING DRAGONS           --                     FLASH
 FLAMING TIGERS           --             FIRE STRIKERS
 FIRE ANTS                --           FIGHTING IRISH 
 FALCONS                  --                 AVALANCHE
 ASH KICKERS              --                 ANTEATERS
 ANACONDAS                --            AMERICAN BABES
 ALIGATORS                --                0% ANGELS 
 Cei 3 muschetari         --                    Winner
 Mistretii Atomici        --             Elixir Junior
 Black swans              --                  Legalize
 Pufuletii                --                  Konfetti
 The Skyrynners           --             MO si F.O.C.A
 Shooting Stars           --          Defending Champs
 The Abusement Park       --            Chunky Monkees
 Chafing the Dream        --     Ibuprofen and Ben Gay
 The Big Egos             --           The Waiver Wire
 The Big Egos             --- 7.00
 Chafing the Dream        --- 6.40
 The Abusement Park       --- 8.40
 Defending Champs         --- 8.20
 MO si F.O.C.A            --- 8.20
 Konfetti                 --- 6.80
 Black swans              --- 6.60
 Mistretii Atomici        --- 7.20
 Winner                   --- 9.00
 ALIGATORS                --- 7.60
 ANACONDAS                --- 7.60
 ASH KICKERS              --- 6.60
 AVALANCHE                --- 7.00
 FIGHTING IRISH           --- 9.00
 FLAMING TIGERS           --- 7.40
 FLYING DRAGONS           --- 5.60
 MAD DOGS                 --- 8.40
 MANARCHS                 --- 6.60
 MEAN GREEN ALIENS        --- 7.80
 MIND TRIP                --- 8.40
 SECURITY SMURFS          --- 9.00
 SILVER PANTHERS          --- 7.40
 SNOW DEVILS              --- 5.60
 SPARK PLUGS              --- 8.00
 SPLASH                   --- 9.40
 STRIKERS                 --- 7.80
 SUNFLOWER GIRLS          --- 7.60
 SWEETHEARTS              --- 8.20
 TEAL TITANS              --- 8.80
 TIDAL WAVES              --- 9.20
 TUFF-E-NUFF              --- 8.20
 VALLEY GIRLS             --- 7.40
 The Big Egos             --         Chafing the Dream
 The Abusement Park       --          Defending Champs
 MO si F.O.C.A            --                  Konfetti
 Black swans              --         Mistretii Atomici
 Winner                   --                ALIGATORS 
 ANACONDAS                --               ASH KICKERS
 AVALANCHE                --           FIGHTING IRISH 
 FLAMING TIGERS           --            FLYING DRAGONS
 MAD DOGS                 --                  MANARCHS
 MEAN GREEN ALIENS        --                 MIND TRIP
 SECURITY SMURFS          --           SILVER PANTHERS
 SNOW DEVILS              --               SPARK PLUGS
 SPLASH                   --                  STRIKERS
 SUNFLOWER GIRLS          --               SWEETHEARTS
 TEAL TITANS              --               TIDAL WAVES
 TUFF-E-NUFF              --              VALLEY GIRLS
 TUFF-E-NUFF              --- 9.20
 TIDAL WAVES              --- 10.20
 SWEETHEARTS              --- 9.20
 SPLASH                   --- 10.40
 SPARK PLUGS              --- 9.00
 SECURITY SMURFS          --- 10.00
 MIND TRIP                --- 9.40
 MAD DOGS                 --- 9.40
 FLAMING TIGERS           --- 8.40
 FIGHTING IRISH           --- 10.00
 ANACONDAS                --- 8.60
 Winner                   --- 10.00
 Mistretii Atomici        --- 8.20
 MO si F.O.C.A            --- 9.20
 The Abusement Park       --- 9.40
 The Big Egos             --- 8.00
 TUFF-E-NUFF              --               TIDAL WAVES
 SWEETHEARTS              --                    SPLASH
 SPARK PLUGS              --           SECURITY SMURFS
 MIND TRIP                --                  MAD DOGS
 FLAMING TIGERS           --           FIGHTING IRISH 
 ANACONDAS                --                    Winner
 Mistretii Atomici        --             MO si F.O.C.A
 The Abusement Park       --              The Big Egos
 The Abusement Park       --- 10.40
 MO si F.O.C.A            --- 10.20
 Winner                   --- 11.00
 FIGHTING IRISH           --- 11.00
 MIND TRIP                --- 10.40
 SECURITY SMURFS          --- 11.00
 SPLASH                   --- 11.40
 TIDAL WAVES              --- 11.20
 The Abusement Park       --             MO si F.O.C.A
 Winner                   --           FIGHTING IRISH 
 MIND TRIP                --           SECURITY SMURFS
 SPLASH                   --               TIDAL WAVES
 SPLASH                   --- 12.40
 SECURITY SMURFS          --- 12.00
 Winner                   --- 12.00
 The Abusement Park       --- 11.40
 SPLASH                   --           SECURITY SMURFS
 Winner                   --        The Abusement Park
 Winner                   --- 13.00
 SPLASH                   --- 13.40
 Winner                   --                    SPLASH
 SPLASH                   --- 14.40
 SPLASH              -- 14.40
 Winner              -- 13.00
 SECURITY SMURFS     -- 12.00
 The Abusement Park  -- 11.40
 TIDAL WAVES         -- 11.20
 FIGHTING IRISH      -- 11.00
 MIND TRIP           -- 10.40
 MO si F.O.C.A       -- 10.20
