 TSUNAMI
 TIGERS
 TERMINATORS
 TEAM BUBBLICIOUS
 TANGERINES
 SURF MONKEYS
 SUGER BEES
 STONE CRUSHERS
 SPRINTERS
 SPEED DEMONS
 SPACE BABES
 SILVER JETS
 SERPENTS
 MOHAWKS
 MIGHTY GRASSHOPPERS
 MEAN GREEN ALIENS
 MANTIS
 FUSION
 FLAMING TIGERS
 FIRE ANGELS
 FARIA FARMS
 ATOMIC ICE
 AMERICAN EAGLES
 ALIEN PANTHERS ALIENS 
 Cei 4 fantastici
 TNT
 Elixir Junior
 4Team
 Shooting Stars
 Wonder Women
 Gangs of New Pork
 Honey Badgers
 TSUNAMI                  --                    TIGERS
 TERMINATORS              --          TEAM BUBBLICIOUS
 TANGERINES               --              SURF MONKEYS
 SUGER BEES               --            STONE CRUSHERS
 SPRINTERS                --              SPEED DEMONS
 SPACE BABES              --               SILVER JETS
 SERPENTS                 --                   MOHAWKS
 MIGHTY GRASSHOPPERS      --         MEAN GREEN ALIENS
 MANTIS                   --                    FUSION
 FLAMING TIGERS           --               FIRE ANGELS
 FARIA FARMS              --                ATOMIC ICE
 AMERICAN EAGLES          --    ALIEN PANTHERS ALIENS 
 Cei 4 fantastici         --                       TNT
 Elixir Junior            --                     4Team
 Shooting Stars           --              Wonder Women
 Gangs of New Pork        --             Honey Badgers
 Gangs of New Pork        --- 7.25
 Wonder Women             --- 8.00
 Elixir Junior            --- 6.62
 Cei 4 fantastici         --- 7.75
 AMERICAN EAGLES          --- 8.25
 ATOMIC ICE               --- 7.75
 FLAMING TIGERS           --- 7.38
 FUSION                   --- 7.00
 MIGHTY GRASSHOPPERS      --- 7.38
 SERPENTS                 --- 6.88
 SILVER JETS              --- 6.88
 SPRINTERS                --- 9.50
 STONE CRUSHERS           --- 7.75
 TANGERINES               --- 7.00
 TERMINATORS              --- 8.50
 TIGERS                   --- 7.50
 Gangs of New Pork        --              Wonder Women
 Elixir Junior            --          Cei 4 fantastici
 AMERICAN EAGLES          --                ATOMIC ICE
 FLAMING TIGERS           --                    FUSION
 MIGHTY GRASSHOPPERS      --                  SERPENTS
 SILVER JETS              --                 SPRINTERS
 STONE CRUSHERS           --                TANGERINES
 TERMINATORS              --                    TIGERS
 TERMINATORS              --- 9.50
 STONE CRUSHERS           --- 8.75
 SPRINTERS                --- 10.50
 MIGHTY GRASSHOPPERS      --- 8.38
 FLAMING TIGERS           --- 8.38
 AMERICAN EAGLES          --- 9.25
 Cei 4 fantastici         --- 8.75
 Wonder Women             --- 9.00
 TERMINATORS              --            STONE CRUSHERS
 SPRINTERS                --       MIGHTY GRASSHOPPERS
 FLAMING TIGERS           --           AMERICAN EAGLES
 Cei 4 fantastici         --              Wonder Women
 Wonder Women             --- 10.00
 AMERICAN EAGLES          --- 10.25
 SPRINTERS                --- 11.50
 TERMINATORS              --- 10.50
 Wonder Women             --           AMERICAN EAGLES
 SPRINTERS                --               TERMINATORS
 SPRINTERS                --- 12.50
 AMERICAN EAGLES          --- 11.25
 SPRINTERS                --           AMERICAN EAGLES
 SPRINTERS                --- 13.50
 SPRINTERS           -- 13.50
 AMERICAN EAGLES     -- 11.25
 TERMINATORS         -- 10.50
 Wonder Women        -- 10.00
 Cei 4 fantastici    -- 8.75
 FLAMING TIGERS      -- 8.38
