 VENOM
 VALLEY GIRLS
 UL TRA VIOLETS
 TURF DAWGS
 TULIPS
 TSUNAMI
 TOUCANS
 TONY’S TIGERS
 TLC
 TIMBERWOLVES
 TIGERS
 TIGER LlLL YS
 TERRIFIC TIGERS
 TERMINATORS
 TEEIE WAHINES
 TEAM KAOS
 TEAM BUBBLICIOUS
 TEAL TITANS
 TAZMANIAN DEVILS
 TANGERINES
 T -DAWGS
 SWEETHEARTS
 SURF MONKEYS
 SUNSHINE SHOOTERS
 SUNKISSED
 SUGAR PLUMS
 SUGER BEES
 SUBLIME
 STRIKING CANDY CANES
 STRIKE FORCE
 STONE CRUSHERS
 STARS
 STARFISH
 STAR SHOOTERS
 STAR BURSTS
 SPRINTERS
 SPITFIRES
 SPEEDY TURTLES
 SPEED DEMONS
 SPEED
 SPACE BABES
 SOCCER DIVAS
 SOCCER ANGELS
 SNOW DEVILS
 SMURF-U
 SMASHING CLOVERS
 SILVER SURFERS
 SILVER STARS
 SILVER SHARKS
 SILVER JETS
 SILVER BUTTERFLIES
 SHARK ATTACK
 SERPENTS
 SEALS
 MYSTICS
 MUD DOGS
 MONARCHS
 MOHAWKS
 MIND TRIP
 MIGHTY RAPTORS
 MIGHTY MANIACS
 MIGHTY GRASSHOPPERS
 MIGHTY BLUE ANGELS
 MERCURY
 MEAN GREEN GECKOS
 MEAN GREEN ALIENS
 MAROON MONKEYS
 MANTIS
 MAG PIES
 MAGENTA RAVENS
 FUSION
 FUGITIVES
 FRAZZLE DAZZLE
 FLASH
 FLAME KICKERS
 FIRE KRAKERS
 FLAMING TIGERS
 FLAMING DRAGONS
 FIREBOLTS
 FIREBALLS
 FIRE BALLS
 FIRE ANGELS
 FIRE
 FIGHTING IRISH 
 FARIA FARMS
 FALCON
 AVALANCHE
 ATOMIC ICE
 ARSENALS 
 ANGELS WITH ATTITUDE
 ANGELS 
 AMERICAN EAGLES
 ALMOST ANGELS
 ALLIGATORS 
 ALIEN PANTHERS ALIENS 
 AGUlLAS
 0% ANGELS 
 Fratii Camataru
 Cei 4 fantastici
 Cercetasele
 Sirenele
 Winner
 Cota 50
 Monster
 Cozonacu si Stomacu
 L & M
 Pic si Poc
 Do Not Stop
 Flavius*2
 Eugenia
 Clanu Nicula
 Night Eagels
 The Skyrynners
 4Team
 Castigatorii
 Shooting Stars
 Fear the Fearless
 Ferocious Killers
 Goal Diggers
 Wonder Women
 The Abusement Park
 The Drifters
 Gangs of New Pork
 Chafing the Dream
 Honey Badgers
 Between a Walk and a Hard Pace
 The Big Egos
 The Waiver Wire
 VENOM                    --              VALLEY GIRLS
 UL TRA VIOLETS           --                TURF DAWGS
 TULIPS                   --                   TSUNAMI
 TOUCANS                  --           TONY’S TIGERS
 TLC                      --              TIMBERWOLVES
 TIGERS                   --             TIGER LlLL YS
 TERRIFIC TIGERS          --               TERMINATORS
 TEEIE WAHINES            --                 TEAM KAOS
 TEAM BUBBLICIOUS         --               TEAL TITANS
 TAZMANIAN DEVILS         --                TANGERINES
 T -DAWGS                 --               SWEETHEARTS
 SURF MONKEYS             --         SUNSHINE SHOOTERS
 SUNKISSED                --               SUGAR PLUMS
 SUGER BEES               --                   SUBLIME
 STRIKING CANDY CANES     --              STRIKE FORCE
 STONE CRUSHERS           --                     STARS
 STARFISH                 --             STAR SHOOTERS
 STAR BURSTS              --                 SPRINTERS
 SPITFIRES                --            SPEEDY TURTLES
 SPEED DEMONS             --                     SPEED
 SPACE BABES              --              SOCCER DIVAS
 SOCCER ANGELS            --               SNOW DEVILS
 SMURF-U                  --          SMASHING CLOVERS
 SILVER SURFERS           --              SILVER STARS
 SILVER SHARKS            --               SILVER JETS
 SILVER BUTTERFLIES       --              SHARK ATTACK
 SERPENTS                 --                     SEALS
 MYSTICS                  --                  MUD DOGS
 MONARCHS                 --                   MOHAWKS
 MIND TRIP                --            MIGHTY RAPTORS
 MIGHTY MANIACS           --       MIGHTY GRASSHOPPERS
 MIGHTY BLUE ANGELS       --                   MERCURY
 MEAN GREEN GECKOS        --         MEAN GREEN ALIENS
 MAROON MONKEYS           --                    MANTIS
 MAG PIES                 --            MAGENTA RAVENS
 FUSION                   --                 FUGITIVES
 FRAZZLE DAZZLE           --                     FLASH
 FLAME KICKERS            --              FIRE KRAKERS
 FLAMING TIGERS           --           FLAMING DRAGONS
 FIREBOLTS                --                 FIREBALLS
 FIRE BALLS               --               FIRE ANGELS
 FIRE                     --           FIGHTING IRISH 
 FARIA FARMS              --                    FALCON
 AVALANCHE                --                ATOMIC ICE
 ARSENALS                 --      ANGELS WITH ATTITUDE
 ANGELS                   --           AMERICAN EAGLES
 ALMOST ANGELS            --               ALLIGATORS 
 ALIEN PANTHERS ALIENS    --                   AGUlLAS
 0% ANGELS                --           Fratii Camataru
 Cei 4 fantastici         --               Cercetasele
 Sirenele                 --                    Winner
 Cota 50                  --                   Monster
 Cozonacu si Stomacu      --                     L & M
 Pic si Poc               --               Do Not Stop
 Flavius*2                --                   Eugenia
 Clanu Nicula             --              Night Eagels
 The Skyrynners           --                     4Team
 Castigatorii             --            Shooting Stars
 Fear the Fearless        --         Ferocious Killers
 Goal Diggers             --              Wonder Women
 The Abusement Park       --              The Drifters
 Gangs of New Pork        --         Chafing the Dream
 Honey Badgers            --  Between a Walk and a Hard Pace
 The Big Egos             --           The Waiver Wire
 The Waiver Wire          --- 9.00
 Honey Badgers            --- 10.50
 Chafing the Dream        --- 10.00
 The Abusement Park       --- 9.50
 Goal Diggers             --- 9.00
 Ferocious Killers        --- 8.50
 Shooting Stars           --- 9.50
 The Skyrynners           --- 8.00
 Night Eagels             --- 7.50
 Flavius*2                --- 8.50
 Pic si Poc               --- 7.50
 L & M                    --- 8.50
 Cota 50                  --- 7.00
 Sirenele                 --- 9.50
 Cei 4 fantastici         --- 8.00
 Fratii Camataru          --- 8.00
 AGUlLAS                  --- 8.50
 ALMOST ANGELS            --- 8.50
 AMERICAN EAGLES          --- 9.50
 ANGELS WITH ATTITUDE     --- 9.50
 ATOMIC ICE               --- 10.00
 FALCON                   --- 9.00
 FIRE                     --- 8.50
 FIRE BALLS               --- 8.00
 FIREBOLTS                --- 7.50
 FLAMING TIGERS           --- 9.00
 FIRE KRAKERS             --- 9.00
 FRAZZLE DAZZLE           --- 8.50
 FUGITIVES                --- 9.00
 MAGENTA RAVENS           --- 9.00
 MANTIS                   --- 9.00
 MEAN GREEN ALIENS        --- 9.00
 MERCURY                  --- 7.00
 MIGHTY GRASSHOPPERS      --- 10.00
 MIND TRIP                --- 8.50
 MOHAWKS                  --- 8.00
 MUD DOGS                 --- 6.50
 SERPENTS                 --- 10.50
 SHARK ATTACK             --- 9.50
 SILVER SHARKS            --- 7.50
 SILVER STARS             --- 9.50
 SMURF-U                  --- 8.50
 SOCCER ANGELS            --- 8.50
 SPACE BABES              --- 7.50
 SPEED                    --- 10.00
 SPEEDY TURTLES           --- 9.50
 STAR BURSTS              --- 10.00
 STARFISH                 --- 9.50
 STARS                    --- 6.50
 STRIKING CANDY CANES     --- 9.50
 SUGER BEES               --- 7.00
 SUNKISSED                --- 9.00
 SURF MONKEYS             --- 6.00
 SWEETHEARTS              --- 9.00
 TAZMANIAN DEVILS         --- 8.50
 TEAL TITANS              --- 9.50
 TEEIE WAHINES            --- 8.00
 TERRIFIC TIGERS          --- 9.50
 TIGER LlLL YS            --- 10.50
 TIMBERWOLVES             --- 10.00
 TOUCANS                  --- 8.00
 TULIPS                   --- 10.50
 UL TRA VIOLETS           --- 10.00
 VENOM                    --- 8.50
 The Waiver Wire          --             Honey Badgers
 Chafing the Dream        --        The Abusement Park
 Goal Diggers             --         Ferocious Killers
 Shooting Stars           --            The Skyrynners
 Night Eagels             --                 Flavius*2
 Pic si Poc               --                     L & M
 Cota 50                  --                  Sirenele
 Cei 4 fantastici         --           Fratii Camataru
 AGUlLAS                  --             ALMOST ANGELS
 AMERICAN EAGLES          --      ANGELS WITH ATTITUDE
 ATOMIC ICE               --                    FALCON
 FIRE                     --                FIRE BALLS
 FIREBOLTS                --            FLAMING TIGERS
 FIRE KRAKERS             --            FRAZZLE DAZZLE
 FUGITIVES                --            MAGENTA RAVENS
 MANTIS                   --         MEAN GREEN ALIENS
 MERCURY                  --       MIGHTY GRASSHOPPERS
 MIND TRIP                --                   MOHAWKS
 MUD DOGS                 --                  SERPENTS
 SHARK ATTACK             --             SILVER SHARKS
 SILVER STARS             --                   SMURF-U
 SOCCER ANGELS            --               SPACE BABES
 SPEED                    --            SPEEDY TURTLES
 STAR BURSTS              --                  STARFISH
 STARS                    --      STRIKING CANDY CANES
 SUGER BEES               --                 SUNKISSED
 SURF MONKEYS             --               SWEETHEARTS
 TAZMANIAN DEVILS         --               TEAL TITANS
 TEEIE WAHINES            --           TERRIFIC TIGERS
 TIGER LlLL YS            --              TIMBERWOLVES
 TOUCANS                  --                    TULIPS
 UL TRA VIOLETS           --                     VENOM
 UL TRA VIOLETS           --- 11.00
 TULIPS                   --- 11.50
 TIGER LlLL YS            --- 11.50
 TERRIFIC TIGERS          --- 10.50
 TEAL TITANS              --- 10.50
 SWEETHEARTS              --- 10.00
 SUNKISSED                --- 10.00
 STRIKING CANDY CANES     --- 10.50
 STAR BURSTS              --- 11.00
 SPEED                    --- 11.00
 SOCCER ANGELS            --- 9.50
 SILVER STARS             --- 10.50
 SHARK ATTACK             --- 10.50
 SERPENTS                 --- 11.50
 MIND TRIP                --- 9.50
 MIGHTY GRASSHOPPERS      --- 11.00
 MANTIS                   --- 10.00
 FUGITIVES                --- 10.00
 FIRE KRAKERS             --- 10.00
 FLAMING TIGERS           --- 10.00
 FIRE                     --- 9.50
 ATOMIC ICE               --- 11.00
 AMERICAN EAGLES          --- 10.50
 AGUlLAS                  --- 9.50
 Cei 4 fantastici         --- 9.00
 Sirenele                 --- 10.50
 L & M                    --- 9.50
 Flavius*2                --- 9.50
 Shooting Stars           --- 10.50
 Goal Diggers             --- 10.00
 Chafing the Dream        --- 11.00
 Honey Badgers            --- 11.50
 UL TRA VIOLETS           --                    TULIPS
 TIGER LlLL YS            --           TERRIFIC TIGERS
 TEAL TITANS              --               SWEETHEARTS
 SUNKISSED                --      STRIKING CANDY CANES
 STAR BURSTS              --                     SPEED
 SOCCER ANGELS            --              SILVER STARS
 SHARK ATTACK             --                  SERPENTS
 MIND TRIP                --       MIGHTY GRASSHOPPERS
 MANTIS                   --                 FUGITIVES
 FIRE KRAKERS             --            FLAMING TIGERS
 FIRE                     --                ATOMIC ICE
 AMERICAN EAGLES          --                   AGUlLAS
 Cei 4 fantastici         --                  Sirenele
 L & M                    --                 Flavius*2
 Shooting Stars           --              Goal Diggers
 Chafing the Dream        --             Honey Badgers
 Honey Badgers            --- 12.50
 Shooting Stars           --- 11.50
 L & M                    --- 10.50
 Sirenele                 --- 11.50
 AMERICAN EAGLES          --- 11.50
 ATOMIC ICE               --- 12.00
 FIRE KRAKERS             --- 11.00
 MANTIS                   --- 11.00
 MIGHTY GRASSHOPPERS      --- 12.00
 SERPENTS                 --- 12.50
 SILVER STARS             --- 11.50
 STAR BURSTS              --- 12.00
 STRIKING CANDY CANES     --- 11.50
 TEAL TITANS              --- 11.50
 TIGER LlLL YS            --- 12.50
 TULIPS                   --- 12.50
 Honey Badgers            --            Shooting Stars
 L & M                    --                  Sirenele
 AMERICAN EAGLES          --                ATOMIC ICE
 FIRE KRAKERS             --                    MANTIS
 MIGHTY GRASSHOPPERS      --                  SERPENTS
 SILVER STARS             --               STAR BURSTS
 STRIKING CANDY CANES     --               TEAL TITANS
 TIGER LlLL YS            --                    TULIPS
 TIGER LlLL YS            --- 13.50
 STRIKING CANDY CANES     --- 12.50
 STAR BURSTS              --- 13.00
 SERPENTS                 --- 13.50
 FIRE KRAKERS             --- 12.00
 ATOMIC ICE               --- 13.00
 Sirenele                 --- 12.50
 Honey Badgers            --- 13.50
 TIGER LlLL YS            --      STRIKING CANDY CANES
 STAR BURSTS              --                  SERPENTS
 FIRE KRAKERS             --                ATOMIC ICE
 Sirenele                 --             Honey Badgers
 Honey Badgers            --- 14.50
 ATOMIC ICE               --- 14.00
 SERPENTS                 --- 14.50
 TIGER LlLL YS            --- 14.50
 Honey Badgers            --                ATOMIC ICE
 SERPENTS                 --             TIGER LlLL YS
 SERPENTS                 --- 15.50
 Honey Badgers            --- 15.50
 SERPENTS                 --             Honey Badgers
 SERPENTS                 --- 16.50
